<?xml version="1.0" encoding="UTF-8"?>
<testng-results ignored="0" total="1" passed="1" failed="0" skipped="0">
  <reporter-output>
  </reporter-output>
  <suite started-at="2023-02-26T12:31:31 IST" name="Default suite" finished-at="2023-02-26T12:31:36 IST" duration-ms="4387">
    <groups>
    </groups>
    <test started-at="2023-02-26T12:31:31 IST" name="Default test" finished-at="2023-02-26T12:31:36 IST" duration-ms="4387">
      <class name="logintestcase.LoginWithoutFindBy">
        <test-method signature="loginwithoutFindBy()[pri:0, instance:logintestcase.LoginWithoutFindBy@6497b078]" started-at="2023-02-26T12:31:31 IST" name="loginwithoutFindBy" finished-at="2023-02-26T12:31:36 IST" duration-ms="4348" status="PASS">
          <reporter-output>
          </reporter-output>
        </test-method> <!-- loginwithoutFindBy -->
      </class> <!-- logintestcase.LoginWithoutFindBy -->
    </test> <!-- Default test -->
  </suite> <!-- Default suite -->
</testng-results>
